\BOOKMARK [0][-]{part.1}{I Vue synth\351tique}{}% 1
\BOOKMARK [0][-]{part.2}{II 3eme ann\351e - semestre 5}{}% 2
\BOOKMARK [1][-]{section.1}{UE Programmation et algorithmes}{part.2}% 3
\BOOKMARK [2][-]{subsection.1.1}{Algorithmes et structures de donn\351es}{section.1}% 4
\BOOKMARK [2][-]{subsection.1.2}{Introduction au d\351veloppement logiciel}{section.1}% 5
\BOOKMARK [2][-]{subsection.1.3}{Projet de d\351veloppement logiciel}{section.1}% 6
\BOOKMARK [2][-]{subsection.1.4}{Total UE :}{section.1}% 7
\BOOKMARK [1][-]{section.2}{UE Informatique fondamentale}{part.2}% 8
\BOOKMARK [2][-]{subsection.2.1}{Th\351orie des graphes}{section.2}% 9
\BOOKMARK [2][-]{subsection.2.2}{Logique math\351matique}{section.2}% 10
\BOOKMARK [2][-]{subsection.2.3}{Automates et probabilit\351s}{section.2}% 11
\BOOKMARK [2][-]{subsection.2.4}{Total UE :}{section.2}% 12
\BOOKMARK [1][-]{section.3}{UE Architectures et syst\350mes informatiques}{part.2}% 13
\BOOKMARK [2][-]{subsection.3.1}{Syst\350mes informatiques}{section.3}% 14
\BOOKMARK [2][-]{subsection.3.2}{R\351seaux}{section.3}% 15
\BOOKMARK [2][-]{subsection.3.3}{Mod\350le et langage relationnels}{section.3}% 16
\BOOKMARK [2][-]{subsection.3.4}{Total UE :}{section.3}% 17
\BOOKMARK [1][-]{section.4}{UE Humanit\351s}{part.2}% 18
\BOOKMARK [2][-]{subsection.4.1}{Sciences Sociales Appliqu\351es au Travail S5}{section.4}% 19
\BOOKMARK [2][-]{subsection.4.2}{Anglais}{section.4}% 20
\BOOKMARK [2][-]{subsection.4.3}{Economie}{section.4}% 21
\BOOKMARK [2][-]{subsection.4.4}{Analyse de la pratique S5}{section.4}% 22
\BOOKMARK [2][-]{subsection.4.5}{Total UE :}{section.4}% 23
\BOOKMARK [1][-]{section.5}{UE Activit\351 en entreprise S5}{part.2}% 24
\BOOKMARK [2][-]{subsection.5.1}{Activit\351 en entreprise S5}{section.5}% 25
\BOOKMARK [2][-]{subsection.5.2}{Total UE :}{section.5}% 26
\BOOKMARK [0][-]{part.3}{III 3eme ann\351e - semestre 6}{}% 27
\BOOKMARK [1][-]{section.6}{UE Logiciel}{part.3}% 28
\BOOKMARK [2][-]{subsection.6.1}{Programmation objet en Java}{section.6}% 29
\BOOKMARK [2][-]{subsection.6.2}{Technologies web}{section.6}% 30
\BOOKMARK [2][-]{subsection.6.3}{Total UE :}{section.6}% 31
\BOOKMARK [1][-]{section.7}{UE Math\351matiques appliqu\351es}{part.3}% 32
\BOOKMARK [2][-]{subsection.7.1}{Alg\350bre lin\351aire}{section.7}% 33
\BOOKMARK [2][-]{subsection.7.2}{Statistiques et probabilit\351s}{section.7}% 34
\BOOKMARK [2][-]{subsection.7.3}{Projet traitement statistique de la donn\351e}{section.7}% 35
\BOOKMARK [2][-]{subsection.7.4}{Total UE :}{section.7}% 36
\BOOKMARK [1][-]{section.8}{UE Syst\350mes d'information}{part.3}% 37
\BOOKMARK [2][-]{subsection.8.1}{Conception des syst\350mes d'information}{section.8}% 38
\BOOKMARK [2][-]{subsection.8.2}{Traitement de requ\352tes}{section.8}% 39
\BOOKMARK [2][-]{subsection.8.3}{Syst\350mes transactionnels}{section.8}% 40
\BOOKMARK [2][-]{subsection.8.4}{Total UE :}{section.8}% 41
\BOOKMARK [1][-]{section.9}{UE Humanit\351s S6 }{part.3}% 42
\BOOKMARK [2][-]{subsection.9.1}{Anglais - communication orale et outils linguistiques}{section.9}% 43
\BOOKMARK [2][-]{subsection.9.2}{Simulation de gestion d'entreprise}{section.9}% 44
\BOOKMARK [2][-]{subsection.9.3}{Enjeux de soci\351t\351 et entreprise S6}{section.9}% 45
\BOOKMARK [2][-]{subsection.9.4}{Sciences sociales appliqu\351es au travail S6}{section.9}% 46
\BOOKMARK [2][-]{subsection.9.5}{Projet de s\351jour \340 l'international S6}{section.9}% 47
\BOOKMARK [2][-]{subsection.9.6}{Analyse de la pratique S6}{section.9}% 48
\BOOKMARK [2][-]{subsection.9.7}{Total UE :}{section.9}% 49
\BOOKMARK [1][-]{section.10}{UE Activit\351 en entreprise S6}{part.3}% 50
\BOOKMARK [2][-]{subsection.10.1}{Activit\351 en entreprise S6}{section.10}% 51
\BOOKMARK [2][-]{subsection.10.2}{Total UE :}{section.10}% 52
\BOOKMARK [0][-]{part.4}{IV 4eme ann\351e - semestre 7}{}% 53
\BOOKMARK [1][-]{section.11}{UE Humanit\351s S7}{part.4}% 54
\BOOKMARK [2][-]{subsection.11.1}{Sciences sociales appliqu\351es au travail S7}{section.11}% 55
\BOOKMARK [2][-]{subsection.11.2}{Economie d'entreprise S7}{section.11}% 56
\BOOKMARK [2][-]{subsection.11.3}{Analyse de la pratique S7}{section.11}% 57
\BOOKMARK [2][-]{subsection.11.4}{Projet de s\351jour \340 l'international S7}{section.11}% 58
\BOOKMARK [2][-]{subsection.11.5}{Anglais - corporate culture }{section.11}% 59
\BOOKMARK [2][-]{subsection.11.6}{Enjeux de soci\351t\351 et entreprise S7}{section.11}% 60
\BOOKMARK [2][-]{subsection.11.7}{Total UE :}{section.11}% 61
\BOOKMARK [1][-]{section.12}{UE Donn\351es et connaissances}{part.4}% 62
\BOOKMARK [2][-]{subsection.12.1}{Entrep\364ts de donn\351es}{section.12}% 63
\BOOKMARK [2][-]{subsection.12.2}{Processus de Business Intelligence}{section.12}% 64
\BOOKMARK [2][-]{subsection.12.3}{Total UE :}{section.12}% 65
\BOOKMARK [1][-]{section.13}{UE Initiation \340 l'intelligence artificielle}{part.4}% 66
\BOOKMARK [2][-]{subsection.13.1}{Analyse de donn\351es et apprentissage}{section.13}% 67
\BOOKMARK [2][-]{subsection.13.2}{Mod\351lisation de probl\350mes et optimisation combinatoire}{section.13}% 68
\BOOKMARK [2][-]{subsection.13.3}{Projet analyse statistique de donn\351es}{section.13}% 69
\BOOKMARK [2][-]{subsection.13.4}{Techniques de base de l'IA}{section.13}% 70
\BOOKMARK [2][-]{subsection.13.5}{Total UE :}{section.13}% 71
\BOOKMARK [1][-]{section.14}{UE Industrialisation de la production logicielle}{part.4}% 72
\BOOKMARK [2][-]{subsection.14.1}{Outils pour le d\351veloppement logiciel }{section.14}% 73
\BOOKMARK [2][-]{subsection.14.2}{M\351thodes et outils devops}{section.14}% 74
\BOOKMARK [2][-]{subsection.14.3}{Parall\351lisation de donn\351es}{section.14}% 75
\BOOKMARK [2][-]{subsection.14.4}{Total UE :}{section.14}% 76
\BOOKMARK [1][-]{section.15}{UE Activit\351 en entreprise S7}{part.4}% 77
\BOOKMARK [2][-]{subsection.15.1}{Activit\351 en entreprise S7}{section.15}% 78
\BOOKMARK [2][-]{subsection.15.2}{Total UE :}{section.15}% 79
\BOOKMARK [0][-]{part.5}{V 4eme ann\351e - semestre 8}{}% 80
\BOOKMARK [1][-]{section.16}{UE Humanit\351s S8}{part.5}% 81
\BOOKMARK [2][-]{subsection.16.1}{Activit\351 en entreprise S8}{section.16}% 82
\BOOKMARK [2][-]{subsection.16.2}{Enjeux de soci\351t\351 et entreprise}{section.16}% 83
\BOOKMARK [2][-]{subsection.16.3}{SSAT}{section.16}% 84
\BOOKMARK [2][-]{subsection.16.4}{Analyse de la pratique}{section.16}% 85
\BOOKMARK [2][-]{subsection.16.5}{Communication professionnelle et interculturelle S8}{section.16}% 86
\BOOKMARK [2][-]{subsection.16.6}{Total UE :}{section.16}% 87
\BOOKMARK [1][-]{section.17}{UE Documents et multim\351dia}{part.5}% 88
\BOOKMARK [2][-]{subsection.17.1}{Donn\351es multimedia}{section.17}% 89
\BOOKMARK [2][-]{subsection.17.2}{Traitement du langage naturel}{section.17}% 90
\BOOKMARK [2][-]{subsection.17.3}{Recherche d'information}{section.17}% 91
\BOOKMARK [2][-]{subsection.17.4}{Total UE :}{section.17}% 92
\BOOKMARK [1][-]{section.18}{UE Infrastructures pour la donn\351e}{part.5}% 93
\BOOKMARK [2][-]{subsection.18.1}{Dataops et cloud}{section.18}% 94
\BOOKMARK [2][-]{subsection.18.2}{Donn\351es distribu\351es}{section.18}% 95
\BOOKMARK [2][-]{subsection.18.3}{Programmation fonctionnelle}{section.18}% 96
\BOOKMARK [2][-]{subsection.18.4}{Total UE :}{section.18}% 97
\BOOKMARK [1][-]{section.19}{UE Intelligence artificielle}{part.5}% 98
\BOOKMARK [2][-]{subsection.19.1}{R\351seaux de neurones}{section.19}% 99
\BOOKMARK [2][-]{subsection.19.2}{R\351seaux probabilistes}{section.19}% 100
\BOOKMARK [2][-]{subsection.19.3}{Extraction de connaissance dans les donn\351es}{section.19}% 101
\BOOKMARK [2][-]{subsection.19.4}{Total UE :}{section.19}% 102
\BOOKMARK [1][-]{section.20}{UE Activit\351 en entreprise S8}{part.5}% 103
\BOOKMARK [2][-]{subsection.20.1}{Activit\351 en entreprise S8}{section.20}% 104
\BOOKMARK [2][-]{subsection.20.2}{Total UE :}{section.20}% 105
\BOOKMARK [0][-]{part.6}{VI 5eme ann\351e - semestre 9}{}% 106
